<?xml version='1.0' ?><testsuites><testsuite><testcase classname="cc.wulian.smarthomev6.tst.AMyHousekeeperTest" name="testACreateTimeTask_09" time="31.960" /><testcase classname="cc.wulian.smarthomev6.tst.AMyHousekeeperTest" name="testACreateTimeTask_10" time="30.179" /><testcase classname="cc.wulian.smarthomev6.tst.AMyHousekeeperTest" name="testACreateTimeTask_11" time="30.814" /><testcase classname="cc.wulian.smarthomev6.tst.AMyHousekeeperTest" name="testACreateTimeTask_12" time="30.625" /><testcase classname="cc.wulian.smarthomev6.tst.AMyHousekeeperTest" name="testACreateTimeTask_13" time="31.404" /><testcase classname="cc.wulian.smarthomev6.tst.AMyHousekeeperTest" name="testACreateTimingTask_01" time="30.566" /><testcase classname="cc.wulian.smarthomev6.tst.AMyHousekeeperTest" name="testACreateTimingTask_02" time="30.963" /><testcase classname="cc.wulian.smarthomev6.tst.AMyHousekeeperTest" name="testACreateTimingTask_03" time="30.892" /><testcase classname="cc.wulian.smarthomev6.tst.AMyHousekeeperTest" name="testACreateTimingTask_04" time="30.958" /><testcase classname="cc.wulian.smarthomev6.tst.AMyHousekeeperTest" name="testACreateTimingTask_05" time="31.534" /><testcase classname="cc.wulian.smarthomev6.tst.AMyHousekeeperTest" name="testACreateTimingTask_06" time="31.535" /><testcase classname="cc.wulian.smarthomev6.tst.AMyHousekeeperTest" name="testACreateTimingTask_07" time="31.306" /><testcase classname="cc.wulian.smarthomev6.tst.AMyHousekeeperTest" name="testACreateTimingTask_08" time="30.280" /><testcase classname="cc.wulian.smarthomev6.tst.AMyHousekeeperTest" name="testBCreateSceneTask_01" time="31.281" /><testcase classname="cc.wulian.smarthomev6.tst.AMyHousekeeperTest" name="testBCreateSceneTask_02" time="31.700" /><testcase classname="cc.wulian.smarthomev6.tst.AMyHousekeeperTest" name="testBCreateSceneTask_03" time="30.163" /><testcase classname="cc.wulian.smarthomev6.tst.AMyHousekeeperTest" name="testBCreateSceneTask_04" time="31.170" /><testcase classname="cc.wulian.smarthomev6.tst.AMyHousekeeperTest" name="testBCreateSceneTask_05" time="29.071" /><testcase classname="cc.wulian.smarthomev6.tst.AMyHousekeeperTest" name="testBCreateSceneTask_06" time="31.611" /><testcase classname="cc.wulian.smarthomev6.tst.AMyHousekeeperTest" name="testBCreateSceneTask_07" time="29.050" /><testcase classname="cc.wulian.smarthomev6.tst.AMyHousekeeperTest" name="testBCreateSceneTask_08" time="29.190" /><testcase classname="cc.wulian.smarthomev6.tst.AMyHousekeeperTest" name="testBCreateSceneTask_09" time="29.446" /><testcase classname="cc.wulian.smarthomev6.tst.AMyHousekeeperTest" name="testBCreateSceneTask_10" time="29.544" /><testcase classname="cc.wulian.smarthomev6.tst.AMyHousekeeperTest" name="testBCreateSceneTask_11" time="29.486" /><testcase classname="cc.wulian.smarthomev6.tst.AMyHousekeeperTest" name="testBCreateSceneTask_12" time="28.474" /><testcase classname="cc.wulian.smarthomev6.tst.AMyHousekeeperTest" name="testBCreateSceneTask_13" time="29.373" /><testcase classname="cc.wulian.smarthomev6.tst.AMyHousekeeperTest" name="testBCreateSceneTask_14" time="29.460" /><testcase classname="cc.wulian.smarthomev6.tst.AMyHousekeeperTest" name="testBCreateSceneTask_15" time="31.944" /><testcase classname="cc.wulian.smarthomev6.tst.AMyHousekeeperTest" name="testBCreateSceneTask_16" time="29.387" /><testcase classname="cc.wulian.smarthomev6.tst.AMyHousekeeperTest" name="testBCreateSceneTask_17" time="29.669" /><testcase classname="cc.wulian.smarthomev6.tst.AMyHousekeeperTest" name="testBCreateSceneTask_18" time="29.653" /><testcase classname="cc.wulian.smarthomev6.tst.AMyHousekeeperTest" name="testBCreateSceneTask_19" time="30.022" /><testcase classname="cc.wulian.smarthomev6.tst.AMyHousekeeperTest" name="testBCreateSceneTask_20" time="29.808" /><testcase classname="cc.wulian.smarthomev6.tst.AMyHousekeeperTest" name="testCreateSceneTask_21" time="29.770" /><testcase classname="cc.wulian.smarthomev6.tst.AMyHousekeeperTest" name="testCreateSceneTask_22" time="29.989" /><testcase classname="cc.wulian.smarthomev6.tst.AMyHousekeeperTest" name="testCreateSceneTask_23" time="30.314" /><testcase classname="cc.wulian.smarthomev6.tst.AMyHousekeeperTest" name="testCreateSceneTask_24" time="30.247" /><testcase classname="cc.wulian.smarthomev6.tst.AMyHousekeeperTest" name="testCreateSceneTask_25" time="30.395" /><testcase classname="cc.wulian.smarthomev6.tst.AMyHousekeeperTest" name="testCreateSceneTask_26" time="30.319" /><testcase classname="cc.wulian.smarthomev6.tst.AMyHousekeeperTest" name="testCreateSceneTask_27" time="30.303" /><testcase classname="cc.wulian.smarthomev6.tst.AMyHousekeeperTest" name="testCreateSceneTask_28" time="29.845" /><testcase classname="cc.wulian.smarthomev6.tst.AMyHousekeeperTest" name="testCreateSceneTask_29" time="30.589" /><testcase classname="cc.wulian.smarthomev6.tst.AMyHousekeeperTest" name="testCreateSceneTask_30" time="29.842" /><testcase classname="cc.wulian.smarthomev6.tst.AMyHousekeeperTest" name="testDCreateSceneTask_31" time="30.804" /><testcase classname="cc.wulian.smarthomev6.tst.AMyHousekeeperTest" name="testDCreateSceneTask_32" time="30.701" /><testcase classname="cc.wulian.smarthomev6.tst.AMyHousekeeperTest" name="testDCreateSceneTask_33" time="30.792" /><testcase classname="cc.wulian.smarthomev6.tst.AMyHousekeeperTest" name="testDCreateSceneTask_34" time="31.068" /><testcase classname="cc.wulian.smarthomev6.tst.AMyHousekeeperTest" name="testDCreateSceneTask_35" time="31.042" /><testcase classname="cc.wulian.smarthomev6.tst.AMyHousekeeperTest" name="testDCreateSceneTask_36" time="31.087" /><testcase classname="cc.wulian.smarthomev6.tst.AMyHousekeeperTest" name="testDCreateSceneTask_37" time="31.095" /><testcase classname="cc.wulian.smarthomev6.tst.AMyHousekeeperTest" name="testDCreateSceneTask_38" time="31.195" /><testcase classname="cc.wulian.smarthomev6.tst.AMyHousekeeperTest" name="testDCreateSceneTask_39" time="31.372" /><testcase classname="cc.wulian.smarthomev6.tst.AMyHousekeeperTest" name="testDCreateSceneTask_40" time="31.620" /><testcase classname="cc.wulian.smarthomev6.tst.AMyHousekeeperTest" name="testDCreateSceneTask_41" time="31.629" /><testcase classname="cc.wulian.smarthomev6.tst.AMyHousekeeperTest" name="testDCreateSceneTask_42" time="31.359" /><testcase classname="cc.wulian.smarthomev6.tst.AboutTest" name="testViewAboutUs" time="39.621" /><testcase classname="cc.wulian.smarthomev6.tst.AboutTest" name="testViewIntroduction" time="47.013" /><testcase classname="cc.wulian.smarthomev6.tst.BindGatewayTest" name="testBIntoGatewayList" time="35.474" /><testcase classname="cc.wulian.smarthomev6.tst.BindGatewayTest" name="testBindGatewayASEmptyNum" time="44.245" /><testcase classname="cc.wulian.smarthomev6.tst.BindGatewayTest" name="testBindGatewayAsEmptyPassword" time="43.948" /><testcase classname="cc.wulian.smarthomev6.tst.BindGatewayTest" name="testBindGatewayAsPasswordLessThanSix" time="44.237" /><testcase classname="cc.wulian.smarthomev6.tst.BindGatewayTest" name="testBindGatewayAsWrongPassword" time="47.031" /><testcase classname="cc.wulian.smarthomev6.tst.BindGatewayTest" name="testCBindGatewaySuccess" time="48.185" /><testcase classname="cc.wulian.smarthomev6.tst.ChangePasswordTest" name="testChangePassword" time="46.710" /><testcase classname="cc.wulian.smarthomev6.tst.ChangePasswordTest" name="testChangePasswordAsNewEmpty" time="44.414" /><testcase classname="cc.wulian.smarthomev6.tst.ChangePasswordTest" name="testChangePasswordAsNewLessThan6" time="49.292" /><testcase classname="cc.wulian.smarthomev6.tst.ChangePasswordTest" name="testChangePasswordAsOldWrong" time="48.603" /><testcase classname="cc.wulian.smarthomev6.tst.CpaboutTest" name="testViewFunction" time="50.023" /><testcase classname="cc.wulian.smarthomev6.tst.CpaboutTest" name="testViewYboutUs" time="42.442" /><testcase classname="cc.wulian.smarthomev6.tst.CreateSceneTest" name="testCreateSceneAsName10" time="69.263" /><testcase classname="cc.wulian.smarthomev6.tst.CreateSceneTest" name="testCreateSceneAsName20" time="68.958" /><testcase classname="cc.wulian.smarthomev6.tst.CreateSceneTest" name="testCreateSceneAsNameRepeat" time="46.387" /><testcase classname="cc.wulian.smarthomev6.tst.CreateSceneTest" name="testCreateSceneAsNoneIcon" time="43.088" /><testcase classname="cc.wulian.smarthomev6.tst.CreateSceneTest" name="testCreateSceneAsNoneName" time="46.732" /><testcase classname="cc.wulian.smarthomev6.tst.DeviceManagerTest" name="testACreateAsMoreThan15" time="62.401" /><testcase classname="cc.wulian.smarthomev6.tst.DeviceManagerTest" name="testAEditAsCancel" time="65.659" /><testcase classname="cc.wulian.smarthomev6.tst.DeviceManagerTest" name="testAEditAsEquals15" time="78.001" /><testcase classname="cc.wulian.smarthomev6.tst.DeviceManagerTest" name="testAEditAsEquals2" time="77.685" /><testcase classname="cc.wulian.smarthomev6.tst.DeviceManagerTest" name="testBDeleteAsCancel" time="66.379" /><testcase classname="cc.wulian.smarthomev6.tst.DeviceManagerTest" name="testBDeleteAsConfirm" time="72.094" /><testcase classname="cc.wulian.smarthomev6.tst.DeviceManagerTest" name="testCreateAsCancel" time="53.255" /><testcase classname="cc.wulian.smarthomev6.tst.DeviceManagerTest" name="testCreateAsLessThan15" time="48.465" /><testcase classname="cc.wulian.smarthomev6.tst.DeviceManagerTest" name="testCreateAsNameEmpty" time="39.636" /><testcase classname="cc.wulian.smarthomev6.tst.DeviceManagerTest" name="testUpdateAsCancel" time="65.736" /><testcase classname="cc.wulian.smarthomev6.tst.DeviceManagerTest" name="testUpdateAsConf" time="78.329" /><testcase classname="cc.wulian.smarthomev6.tst.DevicePartitionTest" name="testMatchMorePartition" time="44.369" /><testcase classname="cc.wulian.smarthomev6.tst.DevicePartitionTest" name="testMatchPartition" time="42.860" /><testcase classname="cc.wulian.smarthomev6.tst.DeviceRenameTest" name="testRenameAsCancel" time="64.080" /><testcase classname="cc.wulian.smarthomev6.tst.DeviceRenameTest" name="testRenameAsChildDevice" time="62.212" /><testcase classname="cc.wulian.smarthomev6.tst.DeviceRenameTest" name="testRenameAsConfirm" time="60.058" /><testcase classname="cc.wulian.smarthomev6.tst.DeviceRenameTest" name="testRenameAsEquals19" time="64.773" /><testcase classname="cc.wulian.smarthomev6.tst.DeviceRenameTest" name="testRenameAsEquals20" time="64.780" /><testcase classname="cc.wulian.smarthomev6.tst.DeviceRenameTest" name="testRenameAsMoreThan20" time="65.442" /><testcase classname="cc.wulian.smarthomev6.tst.DeviceSetPartitionTest" name="testSetPartition" time="45.552" /><testcase classname="cc.wulian.smarthomev6.tst.DeviceTypeTest" name="testMatchAllType" time="65.662" /><testcase classname="cc.wulian.smarthomev6.tst.EditSceneTest" name="testAEditSceneAsTime1" time="170.782" /><testcase classname="cc.wulian.smarthomev6.tst.EditSceneTest" name="testAEditSceneAsTime1Back" time="224.139" /><testcase classname="cc.wulian.smarthomev6.tst.EditSceneTest" name="testAEditSceneAsTime1Cancel" time="213.549" /><testcase classname="cc.wulian.smarthomev6.tst.EditSceneTest" name="testAEditSceneAsTime1SaveAndBack" time="235.845" /><testcase classname="cc.wulian.smarthomev6.tst.EditSceneTest" name="testAEditSceneAsTime99" time="163.177" /><testcase classname="cc.wulian.smarthomev6.tst.EditSceneTest" name="testAEditSceneAsTime99Back" time="185.812" /><testcase classname="cc.wulian.smarthomev6.tst.EditSceneTest" name="testAEditSceneAsTime99Cancel" time="180.842" /><testcase classname="cc.wulian.smarthomev6.tst.EditSceneTest" name="testAEditSceneAsTime99SaveAndBack" time="207.304" /><testcase classname="cc.wulian.smarthomev6.tst.EditSceneTest" name="testDeleteSceneCancel" time="201.744" /><testcase classname="cc.wulian.smarthomev6.tst.EditSceneTest" name="testDeleteSceneConfirm" time="208.276" /><testcase classname="cc.wulian.smarthomev6.tst.EditSceneTest" name="testEditSceneNoneDelay" time="170.126" /><testcase classname="cc.wulian.smarthomev6.tst.EditSceneTest" name="testEditSceneNoneDelayAndBack" time="179.948" /><testcase classname="cc.wulian.smarthomev6.tst.FeedbackTest" name="testAEnterNull" time="39.095" /><testcase classname="cc.wulian.smarthomev6.tst.FeedbackTest" name="testEnterBuffer3" time="33.543" /><testcase classname="cc.wulian.smarthomev6.tst.FeedbackTest" name="testEnterBufferMore300" time="34.153" /><testcase classname="cc.wulian.smarthomev6.tst.FeedbackTest" name="testFeedBackHide" time="64.518" /><testcase classname="cc.wulian.smarthomev6.tst.FeedbackTest" name="testVisitor" time="55.271" /><testcase classname="cc.wulian.smarthomev6.tst.ForgetPasswordTest" name="testMobileNumberNotExit" time="73.849" /><testcase classname="cc.wulian.smarthomev6.tst.ForgetPasswordTest" name="testMobileNumberWrong" time="65.459" /><testcase classname="cc.wulian.smarthomev6.tst.ForgetPasswordTest" name="testPassAsEight" time="75.530" /><testcase classname="cc.wulian.smarthomev6.tst.ForgetPasswordTest" name="testPasswordAsIllegalChar" time="73.907" /><testcase classname="cc.wulian.smarthomev6.tst.ForgetPasswordTest" name="testPasswordAsIllegalChar1" time="74.917" /><testcase classname="cc.wulian.smarthomev6.tst.ForgetPasswordTest" name="testPasswordAsNoMatch" time="75.511" /><testcase classname="cc.wulian.smarthomev6.tst.ForgetPasswordTest" name="testPasswordAsNoMatch1" time="74.711" /><testcase classname="cc.wulian.smarthomev6.tst.ForgetPasswordTest" name="testPasswordAsNoMatch2" time="76.492" /><testcase classname="cc.wulian.smarthomev6.tst.ForgetPasswordTest" name="testPasswordLessThan8Char" time="75.996" /><testcase classname="cc.wulian.smarthomev6.tst.ForgetPasswordTest" name="testVerificationWrong" time="73.072" /><testcase classname="cc.wulian.smarthomev6.tst.GatewayCenterTest" name="testCheckGatewayCenter" time="50.609" /><testcase classname="cc.wulian.smarthomev6.tst.GatewayLoginTest" name="testGatewayLoginAsEmptyNum" time="58.398" /><testcase classname="cc.wulian.smarthomev6.tst.GatewayLoginTest" name="testGatewayLoginAsEmptyPassword" time="70.900" /><testcase classname="cc.wulian.smarthomev6.tst.GatewayLoginTest" name="testGatewayLoginAsNotMatch" time="73.639" /><testcase classname="cc.wulian.smarthomev6.tst.GatewayLoginTest" name="testGatewayLoginAsNumWrong" time="74.768" /><testcase classname="cc.wulian.smarthomev6.tst.GatewayLoginTest" name="testGatewayLoginAsPasswordLessThanSix" time="71.602" /><testcase classname="cc.wulian.smarthomev6.tst.GatewayLoginTest" name="testGatewayLoginSuccess" time="84.511" /><testcase classname="cc.wulian.smarthomev6.tst.IntoAppTest" name="testCheckHomePage" time="56.912" /><testcase classname="cc.wulian.smarthomev6.tst.IntoAppTest" name="testCheckMessageCenter" time="59.492" /><testcase classname="cc.wulian.smarthomev6.tst.IntoAppTest" name="testClickDevice" time="58.907" /><testcase classname="cc.wulian.smarthomev6.tst.IntoAppTest" name="testClickFind" time="52.549" /><testcase classname="cc.wulian.smarthomev6.tst.IntoAppTest" name="testClickScenes" time="59.471" /><testcase classname="cc.wulian.smarthomev6.tst.IntoAppTest" name="testDClickMine" time="103.259" /><testcase classname="cc.wulian.smarthomev6.tst.LoginTest" name="testLoginSuccess" time="57.566" /><testcase classname="cc.wulian.smarthomev6.tst.LoginTest" name="testPasswordNull" time="95.912" /><testcase classname="cc.wulian.smarthomev6.tst.LoginTest" name="testUserNameNull" time="79.427" /><testcase classname="cc.wulian.smarthomev6.tst.LoginTest" name="testUserNotExsit" time="44.663" /><testcase classname="cc.wulian.smarthomev6.tst.LoginTest" name="testWrongPassword" time="45.423" /><testcase classname="cc.wulian.smarthomev6.tst.MessageCenterTest" name="testGatewayLoginClick" time="132.658" /><testcase classname="cc.wulian.smarthomev6.tst.MessageCenterTest" name="testViewAlarm" time="60.978" /><testcase classname="cc.wulian.smarthomev6.tst.MessageCenterTest" name="testViewDeviceAlarm" time="42.685" /><testcase classname="cc.wulian.smarthomev6.tst.MessageCenterTest" name="testViewDeviceLog" time="37.240" /><testcase classname="cc.wulian.smarthomev6.tst.MessageCenterTest" name="testViewLog" time="45.879" /><testcase classname="cc.wulian.smarthomev6.tst.MyInfoTest" name="testChangeNameAsNotEnter" time="36.827" /><testcase classname="cc.wulian.smarthomev6.tst.MyInfoTest" name="testChangeNameCancel" time="50.655" /><testcase classname="cc.wulian.smarthomev6.tst.MyInfoTest" name="testChangeNameLessThanTwenty" time="43.881" /><testcase classname="cc.wulian.smarthomev6.tst.MyInfoTest" name="testChangeNameMoreThanTwenty" time="50.737" /><testcase classname="cc.wulian.smarthomev6.tst.MySetTest" name="testAClosePushNotification" time="43.533" /><testcase classname="cc.wulian.smarthomev6.tst.MySetTest" name="testAOpenPushNotification" time="49.263" /><testcase classname="cc.wulian.smarthomev6.tst.MySetTest" name="testBCloseAlarmVoice" time="46.038" /><testcase classname="cc.wulian.smarthomev6.tst.MySetTest" name="testBOpenAlarmVoice" time="45.771" /><testcase classname="cc.wulian.smarthomev6.tst.MySetTest" name="testChangePushTime" time="71.050" /><testcase classname="cc.wulian.smarthomev6.tst.MySetTest" name="testChangeVoiceKind" time="59.785" /><testcase classname="cc.wulian.smarthomev6.tst.MySetTest" name="testChangeVoiceSpeed" time="48.464" /><testcase classname="cc.wulian.smarthomev6.tst.MySetTest" name="testClearCache" time="44.228" /><testcase classname="cc.wulian.smarthomev6.tst.MySetTest" name="testCloseAlarmVid" time="44.605" /><testcase classname="cc.wulian.smarthomev6.tst.MySetTest" name="testOpenAlarmVid" time="46.224" /><testcase classname="cc.wulian.smarthomev6.tst.RegisterTest1" name="testMobileNoneNum" time="54.192" /><testcase classname="cc.wulian.smarthomev6.tst.RegisterTest1" name="testMobileNumUsed" time="39.974" /><testcase classname="cc.wulian.smarthomev6.tst.RegisterTest1" name="testMobileNumWrong" time="40.073" /><testcase classname="cc.wulian.smarthomev6.tst.RegisterTest1" name="testSetServer" time="49.118" /><testcase classname="cc.wulian.smarthomev6.tst.RegisterTest1" name="testTimeOut" time="99.247" /><testcase classname="cc.wulian.smarthomev6.tst.RegisterTest1" name="testVerCodeError" time="43.013" /><testcase classname="cc.wulian.smarthomev6.tst.SceneOptimizeTest" name="testBatchAdditionSucc" time="133.516" /><testcase classname="cc.wulian.smarthomev6.tst.SceneOptimizeTest" name="testCSAN" time="105.789" /><testcase classname="cc.wulian.smarthomev6.tst.SceneOptimizeTest" name="testNoneSelect" time="112.466" /><testcase classname="cc.wulian.smarthomev6.tst.SceneOptimizeTest" name="testSceneEditA" time="70.444" /><testcase classname="cc.wulian.smarthomev6.tst.SceneOptimizeTest" name="testSceneEditAsGL" time="128.187" /><testcase classname="cc.wulian.smarthomev6.tst.SceneOptimizeTest" name="testSelectAllAndNot" time="122.799" /><testcase classname="cc.wulian.smarthomev6.tst.SceneSortAndSearchTest" name="testSceneSortAsReset" time="88.017" /><testcase classname="cc.wulian.smarthomev6.tst.SceneSortAndSearchTest" name="testSceneSortAsSuccess" time="49.824" /><testcase classname="cc.wulian.smarthomev6.tst.ShareDeviceTest" name="testAccountSuccess" time="117.522" /><testcase classname="cc.wulian.smarthomev6.tst.ShareDeviceTest" name="testBAccountUsed" time="77.681" /><testcase classname="cc.wulian.smarthomev6.tst.ShareDeviceTest" name="testBShareCancel" time="46.554" /><testcase classname="cc.wulian.smarthomev6.tst.ShareDeviceTest" name="testCShareCancelSuccess" time="46.232" /><testcase classname="cc.wulian.smarthomev6.tst.ShareDeviceTest" name="testDAccountFail" time="55.803" /><testcase classname="cc.wulian.smarthomev6.tst.ShareDeviceTest" name="testDAccountNone" time="54.602" /><testcase classname="cc.wulian.smarthomev6.tst.ShareDeviceTest" name="testViewShareList" time="38.565" /><testcase classname="cc.wulian.smarthomev6.tst.ShareDeviceTest" name="testViewShareManager" time="39.786" /><testcase classname="cc.wulian.smarthomev6.tst.VisitTest" name="testCheckNoticeByVisitor" time="77.607" /><testcase classname="cc.wulian.smarthomev6.tst.VisitTest" name="testClickBySettingsByVisitor" time="64.503" /><testcase classname="cc.wulian.smarthomev6.tst.VisitTest" name="testClickCustomerServiceByVisitor" time="59.441" /><testcase classname="cc.wulian.smarthomev6.tst.VisitTest" name="testClickDeviceByVisitor" time="53.116" /><testcase classname="cc.wulian.smarthomev6.tst.VisitTest" name="testClickFindByVisitor" time="53.950" /><testcase classname="cc.wulian.smarthomev6.tst.VisitTest" name="testClickGatewayCenterByVisitor" time="60.849" /><testcase classname="cc.wulian.smarthomev6.tst.VisitTest" name="testClickLoginByVisitor" time="65.431" /><testcase classname="cc.wulian.smarthomev6.tst.VisitTest" name="testClickMessageCenterByVisitor" time="54.194" /><testcase classname="cc.wulian.smarthomev6.tst.VisitTest" name="testClickMineByVisitor" time="54.187" /><testcase classname="cc.wulian.smarthomev6.tst.VisitTest" name="testClickMyManagerByVisitor" time="59.759" /><testcase classname="cc.wulian.smarthomev6.tst.VisitTest" name="testClickScenesByVisitor" time="58.137" /><testcase classname="cc.wulian.smarthomev6.tst.VisitTest" name="testLoginByVisitor" time="51.870" /><testcase classname="cc.wulian.smarthomev6.tst.ZGatewaySettingTest" name="testChangeAsNewPasswordLessThan6" time="106.665" /><testcase classname="cc.wulian.smarthomev6.tst.ZGatewaySettingTest" name="testChangeAsOldPasswordWrong" time="65.488" /><testcase classname="cc.wulian.smarthomev6.tst.ZGatewaySettingTest" name="testChangeNikeNameEquals15" time="91.314" /><testcase classname="cc.wulian.smarthomev6.tst.ZGatewaySettingTest" name="testChangeNikeNameLessThan15" time="94.860" /><testcase classname="cc.wulian.smarthomev6.tst.ZGatewaySettingTest" name="testChangeNikeNameMoreThan15" time="93.108" /><testcase classname="cc.wulian.smarthomev6.tst.ZGatewaySettingTest" name="testDChangeAsNewSameAsOld" time="65.584" /><testcase classname="cc.wulian.smarthomev6.tst.ZGatewaySettingTest" name="testEChangeGatewayPasswordAsGatewayLogin" time="223.704" /><system-out /><system-err /></testsuite></testsuites>