<?xml version='1.0' ?><testsuites><testsuite><testcase classname="cc.wulian.smarthomev6.tst.AMyHousekeeperTest" name="testACreateTimeTask_09" time="30.443" /><testcase classname="cc.wulian.smarthomev6.tst.AMyHousekeeperTest" name="testACreateTimeTask_10" time="33.193" /><testcase classname="cc.wulian.smarthomev6.tst.AMyHousekeeperTest" name="testACreateTimeTask_11" time="29.483" /><testcase classname="cc.wulian.smarthomev6.tst.AMyHousekeeperTest" name="testACreateTimeTask_12" time="29.633" /><testcase classname="cc.wulian.smarthomev6.tst.AMyHousekeeperTest" name="testACreateTimeTask_13" time="29.872" /><testcase classname="cc.wulian.smarthomev6.tst.AMyHousekeeperTest" name="testACreateTimingTask_01" time="29.767" /><testcase classname="cc.wulian.smarthomev6.tst.AMyHousekeeperTest" name="testACreateTimingTask_02" time="29.609" /><testcase classname="cc.wulian.smarthomev6.tst.AMyHousekeeperTest" name="testACreateTimingTask_03" time="29.928" /><testcase classname="cc.wulian.smarthomev6.tst.AMyHousekeeperTest" name="testACreateTimingTask_04" time="30.057" /><testcase classname="cc.wulian.smarthomev6.tst.AMyHousekeeperTest" name="testACreateTimingTask_05" time="30.404" /><testcase classname="cc.wulian.smarthomev6.tst.AMyHousekeeperTest" name="testACreateTimingTask_06" time="30.175" /><testcase classname="cc.wulian.smarthomev6.tst.AMyHousekeeperTest" name="testACreateTimingTask_07" time="30.201" /><testcase classname="cc.wulian.smarthomev6.tst.AMyHousekeeperTest" name="testACreateTimingTask_08" time="30.708" /><testcase classname="cc.wulian.smarthomev6.tst.AMyHousekeeperTest" name="testBCreateSceneTask_01" time="30.167" /><testcase classname="cc.wulian.smarthomev6.tst.AMyHousekeeperTest" name="testBCreateSceneTask_02" time="30.610" /><testcase classname="cc.wulian.smarthomev6.tst.AMyHousekeeperTest" name="testBCreateSceneTask_03" time="30.512" /><testcase classname="cc.wulian.smarthomev6.tst.AMyHousekeeperTest" name="testBCreateSceneTask_04" time="30.598" /><testcase classname="cc.wulian.smarthomev6.tst.AMyHousekeeperTest" name="testBCreateSceneTask_05" time="28.232" /><testcase classname="cc.wulian.smarthomev6.tst.AMyHousekeeperTest" name="testBCreateSceneTask_06" time="30.900" /><testcase classname="cc.wulian.smarthomev6.tst.AMyHousekeeperTest" name="testBCreateSceneTask_07" time="30.247" /><testcase classname="cc.wulian.smarthomev6.tst.AMyHousekeeperTest" name="testBCreateSceneTask_08" time="32.265" /><testcase classname="cc.wulian.smarthomev6.tst.AMyHousekeeperTest" name="testBCreateSceneTask_09" time="28.445" /><testcase classname="cc.wulian.smarthomev6.tst.AMyHousekeeperTest" name="testBCreateSceneTask_10" time="31.040" /><testcase classname="cc.wulian.smarthomev6.tst.AMyHousekeeperTest" name="testBCreateSceneTask_11" time="28.415" /><testcase classname="cc.wulian.smarthomev6.tst.AMyHousekeeperTest" name="testBCreateSceneTask_12" time="28.225" /><testcase classname="cc.wulian.smarthomev6.tst.AMyHousekeeperTest" name="testBCreateSceneTask_13" time="28.706" /><testcase classname="cc.wulian.smarthomev6.tst.AMyHousekeeperTest" name="testBCreateSceneTask_14" time="27.698" /><testcase classname="cc.wulian.smarthomev6.tst.AMyHousekeeperTest" name="testBCreateSceneTask_15" time="28.461" /><testcase classname="cc.wulian.smarthomev6.tst.AMyHousekeeperTest" name="testBCreateSceneTask_16" time="27.871" /><testcase classname="cc.wulian.smarthomev6.tst.AMyHousekeeperTest" name="testBCreateSceneTask_17" time="28.975" /><testcase classname="cc.wulian.smarthomev6.tst.AMyHousekeeperTest" name="testBCreateSceneTask_18" time="28.802" /><testcase classname="cc.wulian.smarthomev6.tst.AMyHousekeeperTest" name="testBCreateSceneTask_19" time="28.931" /><testcase classname="cc.wulian.smarthomev6.tst.AMyHousekeeperTest" name="testBCreateSceneTask_20" time="28.679" /><testcase classname="cc.wulian.smarthomev6.tst.AMyHousekeeperTest" name="testCreateSceneTask_21" time="29.014" /><testcase classname="cc.wulian.smarthomev6.tst.AMyHousekeeperTest" name="testCreateSceneTask_22" time="28.672" /><testcase classname="cc.wulian.smarthomev6.tst.AMyHousekeeperTest" name="testCreateSceneTask_23" time="28.904" /><testcase classname="cc.wulian.smarthomev6.tst.AMyHousekeeperTest" name="testCreateSceneTask_24" time="29.078" /><testcase classname="cc.wulian.smarthomev6.tst.AMyHousekeeperTest" name="testCreateSceneTask_25" time="29.278" /><testcase classname="cc.wulian.smarthomev6.tst.AMyHousekeeperTest" name="testCreateSceneTask_26" time="29.425" /><testcase classname="cc.wulian.smarthomev6.tst.AMyHousekeeperTest" name="testCreateSceneTask_27" time="29.523" /><testcase classname="cc.wulian.smarthomev6.tst.AMyHousekeeperTest" name="testCreateSceneTask_28" time="29.379" /><testcase classname="cc.wulian.smarthomev6.tst.AMyHousekeeperTest" name="testCreateSceneTask_29" time="29.620" /><testcase classname="cc.wulian.smarthomev6.tst.AMyHousekeeperTest" name="testCreateSceneTask_30" time="29.871" /><testcase classname="cc.wulian.smarthomev6.tst.AMyHousekeeperTest" name="testDCreateSceneTask_31" time="29.558" /><testcase classname="cc.wulian.smarthomev6.tst.AMyHousekeeperTest" name="testDCreateSceneTask_32" time="29.724" /><testcase classname="cc.wulian.smarthomev6.tst.AMyHousekeeperTest" name="testDCreateSceneTask_33" time="30.087" /><testcase classname="cc.wulian.smarthomev6.tst.AMyHousekeeperTest" name="testDCreateSceneTask_34" time="29.604" /><testcase classname="cc.wulian.smarthomev6.tst.AMyHousekeeperTest" name="testDCreateSceneTask_35" time="30.120" /><testcase classname="cc.wulian.smarthomev6.tst.AMyHousekeeperTest" name="testDCreateSceneTask_36" time="29.949" /><testcase classname="cc.wulian.smarthomev6.tst.AMyHousekeeperTest" name="testDCreateSceneTask_37" time="30.318" /><testcase classname="cc.wulian.smarthomev6.tst.AMyHousekeeperTest" name="testDCreateSceneTask_38" time="30.171" /><testcase classname="cc.wulian.smarthomev6.tst.AMyHousekeeperTest" name="testDCreateSceneTask_39" time="30.403" /><testcase classname="cc.wulian.smarthomev6.tst.AMyHousekeeperTest" name="testDCreateSceneTask_40" time="30.400" /><testcase classname="cc.wulian.smarthomev6.tst.AMyHousekeeperTest" name="testDCreateSceneTask_41" time="30.554" /><testcase classname="cc.wulian.smarthomev6.tst.AMyHousekeeperTest" name="testDCreateSceneTask_42" time="30.468" /><testcase classname="cc.wulian.smarthomev6.tst.AboutTest" name="testViewAboutUs" time="41.270" /><testcase classname="cc.wulian.smarthomev6.tst.AboutTest" name="testViewIntroduction" time="46.703" /><testcase classname="cc.wulian.smarthomev6.tst.BindGatewayTest" name="testBIntoGatewayList" time="34.281" /><testcase classname="cc.wulian.smarthomev6.tst.BindGatewayTest" name="testBindGatewayASEmptyNum" time="45.450" /><testcase classname="cc.wulian.smarthomev6.tst.BindGatewayTest" name="testBindGatewayAsEmptyPassword" time="45.704" /><testcase classname="cc.wulian.smarthomev6.tst.BindGatewayTest" name="testBindGatewayAsPasswordLessThanSix" time="45.445" /><testcase classname="cc.wulian.smarthomev6.tst.BindGatewayTest" name="testBindGatewayAsWrongPassword" time="49.394" /><testcase classname="cc.wulian.smarthomev6.tst.BindGatewayTest" name="testCBindGatewaySuccess" time="49.955" /><testcase classname="cc.wulian.smarthomev6.tst.ChangePasswordTest" name="testChangePassword" time="44.977" /><testcase classname="cc.wulian.smarthomev6.tst.ChangePasswordTest" name="testChangePasswordAsNewEmpty" time="43.995" /><testcase classname="cc.wulian.smarthomev6.tst.ChangePasswordTest" name="testChangePasswordAsNewLessThan6" time="47.960" /><testcase classname="cc.wulian.smarthomev6.tst.ChangePasswordTest" name="testChangePasswordAsOldWrong" time="47.996" /><testcase classname="cc.wulian.smarthomev6.tst.CpaboutTest" name="testViewFunction" time="43.438" /><testcase classname="cc.wulian.smarthomev6.tst.CpaboutTest" name="testViewYboutUs" time="42.884" /><testcase classname="cc.wulian.smarthomev6.tst.CreateSceneTest" name="testCreateSceneAsName10" time="60.493" /><testcase classname="cc.wulian.smarthomev6.tst.CreateSceneTest" name="testCreateSceneAsName20" time="62.416" /><testcase classname="cc.wulian.smarthomev6.tst.CreateSceneTest" name="testCreateSceneAsNameRepeat" time="43.853" /><testcase classname="cc.wulian.smarthomev6.tst.CreateSceneTest" name="testCreateSceneAsNoneIcon" time="41.749" /><testcase classname="cc.wulian.smarthomev6.tst.CreateSceneTest" name="testCreateSceneAsNoneName" time="44.452" /><testcase classname="cc.wulian.smarthomev6.tst.DeviceManagerTest" name="testACreateAsMoreThan15" time="60.716" /><testcase classname="cc.wulian.smarthomev6.tst.DeviceManagerTest" name="testAEditAsCancel" time="62.981" /><testcase classname="cc.wulian.smarthomev6.tst.DeviceManagerTest" name="testAEditAsEquals15" time="74.909" /><testcase classname="cc.wulian.smarthomev6.tst.DeviceManagerTest" name="testAEditAsEquals2" time="74.755" /><testcase classname="cc.wulian.smarthomev6.tst.DeviceManagerTest" name="testBDeleteAsCancel" time="64.100" /><testcase classname="cc.wulian.smarthomev6.tst.DeviceManagerTest" name="testBDeleteAsConfirm" time="69.291" /><testcase classname="cc.wulian.smarthomev6.tst.DeviceManagerTest" name="testCreateAsCancel" time="52.062" /><testcase classname="cc.wulian.smarthomev6.tst.DeviceManagerTest" name="testCreateAsLessThan15" time="46.648" /><testcase classname="cc.wulian.smarthomev6.tst.DeviceManagerTest" name="testCreateAsNameEmpty" time="40.315" /><testcase classname="cc.wulian.smarthomev6.tst.DeviceManagerTest" name="testUpdateAsCancel" time="64.305" /><testcase classname="cc.wulian.smarthomev6.tst.DeviceManagerTest" name="testUpdateAsConf" time="75.444" /><testcase classname="cc.wulian.smarthomev6.tst.DevicePartitionTest" name="testMatchMorePartition" time="43.016" /><testcase classname="cc.wulian.smarthomev6.tst.DevicePartitionTest" name="testMatchPartition" time="40.871" /><testcase classname="cc.wulian.smarthomev6.tst.DeviceRenameTest" name="testRenameAsCancel" time="58.034" /><testcase classname="cc.wulian.smarthomev6.tst.DeviceRenameTest" name="testRenameAsChildDevice" time="61.132" /><testcase classname="cc.wulian.smarthomev6.tst.DeviceRenameTest" name="testRenameAsConfirm" time="61.154" /><testcase classname="cc.wulian.smarthomev6.tst.DeviceRenameTest" name="testRenameAsEquals19" time="61.474" /><testcase classname="cc.wulian.smarthomev6.tst.DeviceRenameTest" name="testRenameAsEquals20" time="62.181" /><testcase classname="cc.wulian.smarthomev6.tst.DeviceRenameTest" name="testRenameAsMoreThan20" time="61.503" /><testcase classname="cc.wulian.smarthomev6.tst.DeviceSetPartitionTest" name="testSetPartition" time="43.798" /><testcase classname="cc.wulian.smarthomev6.tst.DeviceTypeTest" name="testMatchAllType" time="63.400" /><testcase classname="cc.wulian.smarthomev6.tst.EditSceneTest" name="testAEditSceneAsTime1" time="160.913" /><testcase classname="cc.wulian.smarthomev6.tst.EditSceneTest" name="testAEditSceneAsTime1Back" time="190.147" /><testcase classname="cc.wulian.smarthomev6.tst.EditSceneTest" name="testAEditSceneAsTime1Cancel" time="179.851" /><testcase classname="cc.wulian.smarthomev6.tst.EditSceneTest" name="testAEditSceneAsTime1SaveAndBack" time="192.700" /><testcase classname="cc.wulian.smarthomev6.tst.EditSceneTest" name="testAEditSceneAsTime99" time="163.308" /><testcase classname="cc.wulian.smarthomev6.tst.EditSceneTest" name="testAEditSceneAsTime99Back" time="197.770" /><testcase classname="cc.wulian.smarthomev6.tst.EditSceneTest" name="testAEditSceneAsTime99Cancel" time="155.962" /><testcase classname="cc.wulian.smarthomev6.tst.EditSceneTest" name="testAEditSceneAsTime99SaveAndBack" time="195.421" /><testcase classname="cc.wulian.smarthomev6.tst.EditSceneTest" name="testDeleteSceneCancel" time="189.946" /><testcase classname="cc.wulian.smarthomev6.tst.EditSceneTest" name="testDeleteSceneConfirm" time="188.292" /><testcase classname="cc.wulian.smarthomev6.tst.EditSceneTest" name="testEditSceneNoneDelay" time="171.571" /><testcase classname="cc.wulian.smarthomev6.tst.EditSceneTest" name="testEditSceneNoneDelayAndBack" time="185.862" /><testcase classname="cc.wulian.smarthomev6.tst.FeedbackTest" name="testAEnterNull" time="36.335" /><testcase classname="cc.wulian.smarthomev6.tst.FeedbackTest" name="testEnterBuffer3" time="32.495" /><testcase classname="cc.wulian.smarthomev6.tst.FeedbackTest" name="testEnterBufferMore300" time="32.774" /><testcase classname="cc.wulian.smarthomev6.tst.FeedbackTest" name="testFeedBackHide" time="62.167" /><testcase classname="cc.wulian.smarthomev6.tst.FeedbackTest" name="testVisitor" time="54.259" /><testcase classname="cc.wulian.smarthomev6.tst.ForgetPasswordTest" name="testMobileNumberNotExit" time="86.737" /><testcase classname="cc.wulian.smarthomev6.tst.ForgetPasswordTest" name="testMobileNumberWrong" time="84.553" /><testcase classname="cc.wulian.smarthomev6.tst.ForgetPasswordTest" name="testPassAsEight" time="102.504" /><testcase classname="cc.wulian.smarthomev6.tst.ForgetPasswordTest" name="testPasswordAsIllegalChar" time="100.491" /><testcase classname="cc.wulian.smarthomev6.tst.ForgetPasswordTest" name="testPasswordAsIllegalChar1" time="102.837" /><testcase classname="cc.wulian.smarthomev6.tst.ForgetPasswordTest" name="testPasswordAsNoMatch" time="102.460" /><testcase classname="cc.wulian.smarthomev6.tst.ForgetPasswordTest" name="testPasswordAsNoMatch1" time="102.194" /><testcase classname="cc.wulian.smarthomev6.tst.ForgetPasswordTest" name="testPasswordAsNoMatch2" time="102.941" /><testcase classname="cc.wulian.smarthomev6.tst.ForgetPasswordTest" name="testPasswordLessThan8Char" time="102.495" /><testcase classname="cc.wulian.smarthomev6.tst.ForgetPasswordTest" name="testVerificationWrong" time="95.982" /><testcase classname="cc.wulian.smarthomev6.tst.GatewayCenterTest" name="testCheckGatewayCenter" time="61.794" /><testcase classname="cc.wulian.smarthomev6.tst.GatewayLoginTest" name="testGatewayLoginAsEmptyNum" time="67.747" /><testcase classname="cc.wulian.smarthomev6.tst.GatewayLoginTest" name="testGatewayLoginAsEmptyPassword" time="94.319" /><testcase classname="cc.wulian.smarthomev6.tst.GatewayLoginTest" name="testGatewayLoginAsNotMatch" time="101.258" /><testcase classname="cc.wulian.smarthomev6.tst.GatewayLoginTest" name="testGatewayLoginAsNumWrong" time="101.422" /><testcase classname="cc.wulian.smarthomev6.tst.GatewayLoginTest" name="testGatewayLoginAsPasswordLessThanSix" time="93.017" /><testcase classname="cc.wulian.smarthomev6.tst.GatewayLoginTest" name="testGatewayLoginSuccess" time="112.920" /><testcase classname="cc.wulian.smarthomev6.tst.IntoAppTest" name="testCheckHomePage" time="82.604" /><testcase classname="cc.wulian.smarthomev6.tst.IntoAppTest" name="testCheckMessageCenter" time="65.500" /><testcase classname="cc.wulian.smarthomev6.tst.IntoAppTest" name="testClickDevice" time="72.494" /><testcase classname="cc.wulian.smarthomev6.tst.IntoAppTest" name="testClickFind" time="72.807" /><testcase classname="cc.wulian.smarthomev6.tst.IntoAppTest" name="testClickScenes" time="61.343" /><testcase classname="cc.wulian.smarthomev6.tst.IntoAppTest" name="testDClickMine" time="119.412" /><testcase classname="cc.wulian.smarthomev6.tst.LoginTest" name="testLoginSuccess" time="71.375" /><testcase classname="cc.wulian.smarthomev6.tst.LoginTest" name="testPasswordNull" time="124.529" /><testcase classname="cc.wulian.smarthomev6.tst.LoginTest" name="testUserNameNull" time="113.817" /><testcase classname="cc.wulian.smarthomev6.tst.LoginTest" name="testUserNotExsit" time="59.544" /><testcase classname="cc.wulian.smarthomev6.tst.LoginTest" name="testWrongPassword" time="59.863" /><testcase classname="cc.wulian.smarthomev6.tst.MessageCenterTest" name="testGatewayLoginClick" time="174.624" /><testcase classname="cc.wulian.smarthomev6.tst.MessageCenterTest" name="testViewAlarm" time="75.851" /><testcase classname="cc.wulian.smarthomev6.tst.MessageCenterTest" name="testViewDeviceAlarm" time="44.730" /><testcase classname="cc.wulian.smarthomev6.tst.MessageCenterTest" name="testViewDeviceLog" time="44.976" /><testcase classname="cc.wulian.smarthomev6.tst.MessageCenterTest" name="testViewLog" time="52.180" /><testcase classname="cc.wulian.smarthomev6.tst.MyInfoTest" name="testChangeNameAsNotEnter" time="42.982" /><testcase classname="cc.wulian.smarthomev6.tst.MyInfoTest" name="testChangeNameCancel" time="56.118" /><testcase classname="cc.wulian.smarthomev6.tst.MyInfoTest" name="testChangeNameLessThanTwenty" time="55.399" /><testcase classname="cc.wulian.smarthomev6.tst.MyInfoTest" name="testChangeNameMoreThanTwenty" time="53.355" /><testcase classname="cc.wulian.smarthomev6.tst.MySetTest" name="testAClosePushNotification" time="53.588" /><testcase classname="cc.wulian.smarthomev6.tst.MySetTest" name="testAOpenPushNotification" time="54.549" /><testcase classname="cc.wulian.smarthomev6.tst.MySetTest" name="testBCloseAlarmVoice" time="58.165" /><testcase classname="cc.wulian.smarthomev6.tst.MySetTest" name="testBOpenAlarmVoice" time="55.978" /><testcase classname="cc.wulian.smarthomev6.tst.MySetTest" name="testChangePushTime" time="81.972" /><testcase classname="cc.wulian.smarthomev6.tst.MySetTest" name="testChangeVoiceKind" time="74.854" /><testcase classname="cc.wulian.smarthomev6.tst.MySetTest" name="testChangeVoiceSpeed" time="58.118" /><testcase classname="cc.wulian.smarthomev6.tst.MySetTest" name="testClearCache" time="54.075" /><testcase classname="cc.wulian.smarthomev6.tst.MySetTest" name="testCloseAlarmVid" time="50.199" /><testcase classname="cc.wulian.smarthomev6.tst.MySetTest" name="testOpenAlarmVid" time="58.047" /><testcase classname="cc.wulian.smarthomev6.tst.RegisterTest1" name="testMobileNoneNum" time="64.152" /><testcase classname="cc.wulian.smarthomev6.tst.RegisterTest1" name="testMobileNumUsed" time="52.626" /><testcase classname="cc.wulian.smarthomev6.tst.RegisterTest1" name="testMobileNumWrong" time="51.482" /><testcase classname="cc.wulian.smarthomev6.tst.RegisterTest1" name="testSetServer" time="67.113" /><testcase classname="cc.wulian.smarthomev6.tst.RegisterTest1" name="testTimeOut" time="111.916" /><testcase classname="cc.wulian.smarthomev6.tst.RegisterTest1" name="testVerCodeError" time="55.741" /><testcase classname="cc.wulian.smarthomev6.tst.SceneOptimizeTest" name="testBatchAdditionSucc" time="176.174" /><testcase classname="cc.wulian.smarthomev6.tst.SceneOptimizeTest" name="testCSAN" time="139.036" /><testcase classname="cc.wulian.smarthomev6.tst.SceneOptimizeTest" name="testNoneSelect" time="148.201" /><testcase classname="cc.wulian.smarthomev6.tst.SceneOptimizeTest" name="testSceneEditA" time="92.905" /><testcase classname="cc.wulian.smarthomev6.tst.SceneOptimizeTest" name="testSceneEditAsGL" time="165.739" /><testcase classname="cc.wulian.smarthomev6.tst.SceneOptimizeTest" name="testSelectAllAndNot" time="157.898" /><testcase classname="cc.wulian.smarthomev6.tst.SceneSortAndSearchTest" name="testSceneSortAsReset" time="107.249" /><testcase classname="cc.wulian.smarthomev6.tst.SceneSortAndSearchTest" name="testSceneSortAsSuccess" time="62.034" /><testcase classname="cc.wulian.smarthomev6.tst.ShareDeviceTest" name="testAccountSuccess" time="159.998" /><testcase classname="cc.wulian.smarthomev6.tst.ShareDeviceTest" name="testBAccountUsed" time="100.262" /><testcase classname="cc.wulian.smarthomev6.tst.ShareDeviceTest" name="testBShareCancel" time="61.450" /><testcase classname="cc.wulian.smarthomev6.tst.ShareDeviceTest" name="testCShareCancelSuccess" time="60.171" /><testcase classname="cc.wulian.smarthomev6.tst.ShareDeviceTest" name="testDAccountFail" time="66.906" /><testcase classname="cc.wulian.smarthomev6.tst.ShareDeviceTest" name="testDAccountNone" time="71.255" /><testcase classname="cc.wulian.smarthomev6.tst.ShareDeviceTest" name="testViewShareList" time="45.092" /><testcase classname="cc.wulian.smarthomev6.tst.ShareDeviceTest" name="testViewShareManager" time="45.412" /><testcase classname="cc.wulian.smarthomev6.tst.VisitTest" name="testCheckNoticeByVisitor" time="85.062" /><testcase classname="cc.wulian.smarthomev6.tst.VisitTest" name="testClickBySettingsByVisitor" time="54.212" /><testcase classname="cc.wulian.smarthomev6.tst.VisitTest" name="testClickCustomerServiceByVisitor" time="54.634" /><testcase classname="cc.wulian.smarthomev6.tst.VisitTest" name="testClickDeviceByVisitor" time="52.229" /><testcase classname="cc.wulian.smarthomev6.tst.VisitTest" name="testClickFindByVisitor" time="44.553" /><testcase classname="cc.wulian.smarthomev6.tst.VisitTest" name="testClickGatewayCenterByVisitor" time="53.013" /><testcase classname="cc.wulian.smarthomev6.tst.VisitTest" name="testClickLoginByVisitor" time="57.827" /><testcase classname="cc.wulian.smarthomev6.tst.VisitTest" name="testClickMessageCenterByVisitor" time="47.140" /><testcase classname="cc.wulian.smarthomev6.tst.VisitTest" name="testClickMineByVisitor" time="49.414" /><testcase classname="cc.wulian.smarthomev6.tst.VisitTest" name="testClickMyManagerByVisitor" time="49.288" /><testcase classname="cc.wulian.smarthomev6.tst.VisitTest" name="testClickScenesByVisitor" time="50.945" /><testcase classname="cc.wulian.smarthomev6.tst.VisitTest" name="testLoginByVisitor" time="44.577" /><testcase classname="cc.wulian.smarthomev6.tst.ZGatewaySettingTest" name="testChangeAsNewPasswordLessThan6" time="117.862" /><testcase classname="cc.wulian.smarthomev6.tst.ZGatewaySettingTest" name="testChangeAsOldPasswordWrong" time="74.365" /><testcase classname="cc.wulian.smarthomev6.tst.ZGatewaySettingTest" name="testChangeNikeNameEquals15" time="116.960" /><testcase classname="cc.wulian.smarthomev6.tst.ZGatewaySettingTest" name="testChangeNikeNameLessThan15" time="121.752" /><testcase classname="cc.wulian.smarthomev6.tst.ZGatewaySettingTest" name="testChangeNikeNameMoreThan15" time="116.550" /><testcase classname="cc.wulian.smarthomev6.tst.ZGatewaySettingTest" name="testDChangeAsNewSameAsOld" time="93.028" /><testcase classname="cc.wulian.smarthomev6.tst.ZGatewaySettingTest" name="testEChangeGatewayPasswordAsGatewayLogin" time="298.353" /><system-out /><system-err /></testsuite></testsuites>